myTravelLog/build/outputs/mapping/release/seeds.txt
com.uberapps.mytravellog.MainActivity
com.uberapps.mytravellog.MyTravelLogBroadcastReceiver
com.uberapps.mytravellog.LogMyLocationService
com.uberapps.mytravellog.PagerSlidingTabStrip
com.uberapps.mytravellog.PagerSlidingTabStrip$SavedState: android.os.Parcelable$Creator CREATOR
com.uberapps.mytravellog.LogMyLocationService: LogMyLocationService()
com.uberapps.mytravellog.PagerSlidingTabStrip: void setScrollOffset(int)
com.uberapps.mytravellog.PagerSlidingTabStrip: int getTabPaddingLeftRight()
com.uberapps.mytravellog.PagerSlidingTabStrip: int getTabBackground()
com.uberapps.mytravellog.PagerSlidingTabStrip: int getIndicatorColor()
com.uberapps.mytravellog.PagerSlidingTabStrip: void setIndicatorHeight(int)
com.uberapps.mytravellog.PagerSlidingTabStrip: void setTextSize(int)
com.uberapps.mytravellog.PagerSlidingTabStrip: void setIndicatorColorResource(int)
com.uberapps.mytravellog.PagerSlidingTabStrip: int getDividerPadding()
com.uberapps.mytravellog.PagerSlidingTabStrip: int getUnderlineHeight()
com.uberapps.mytravellog.PagerSlidingTabStrip: int getScrollOffset()
com.uberapps.mytravellog.PagerSlidingTabStrip: void setIndicatorColor(int)
com.uberapps.mytravellog.MyTravelLogBroadcastReceiver: MyTravelLogBroadcastReceiver()
com.uberapps.mytravellog.PagerSlidingTabStrip: void setViewPager(androidx.viewpager.widget.ViewPager)
com.uberapps.mytravellog.PagerSlidingTabStrip: void setTextColor(int)
com.uberapps.mytravellog.PagerSlidingTabStrip: void setUnderlineColorResource(int)
com.uberapps.mytravellog.PagerSlidingTabStrip: PagerSlidingTabStrip(android.content.Context,android.util.AttributeSet)
com.uberapps.mytravellog.EditEntryFragment: void onClick(android.view.View)
com.uberapps.mytravellog.PagerSlidingTabStrip: void setTabBackground(int)
com.uberapps.mytravellog.PagerSlidingTabStrip: void setShouldExpand(boolean)
com.uberapps.mytravellog.PagerSlidingTabStrip: int getDividerColor()
com.uberapps.mytravellog.MainActivity: MainActivity()
com.uberapps.mytravellog.PagerSlidingTabStrip: void setDividerColor(int)
com.uberapps.mytravellog.PagerSlidingTabStrip: int getTextColor()
com.uberapps.mytravellog.PagerSlidingTabStrip: int getIndicatorHeight()
com.uberapps.mytravellog.PagerSlidingTabStrip: boolean getShouldExpand()
com.uberapps.mytravellog.PagerSlidingTabStrip: void setUnderlineHeight(int)
com.uberapps.mytravellog.PagerSlidingTabStrip: void setOnPageChangeListener(androidx.viewpager.widget.ViewPager$OnPageChangeListener)
com.uberapps.mytravellog.PagerSlidingTabStrip: int getUnderlineColor()
com.uberapps.mytravellog.PagerSlidingTabStrip: void setTextColorResource(int)
com.uberapps.mytravellog.PagerSlidingTabStrip: void setTabPaddingLeftRight(int)
com.uberapps.mytravellog.PagerSlidingTabStrip: void setUnderlineColor(int)
com.uberapps.mytravellog.LogEntriesFragment: void onClick(android.view.View)
com.uberapps.mytravellog.PagerSlidingTabStrip: void setAllCaps(boolean)
com.uberapps.mytravellog.PagerSlidingTabStrip: void setDividerPadding(int)
com.uberapps.mytravellog.PagerSlidingTabStrip: void setDividerColorResource(int)
com.uberapps.mytravellog.PagerSlidingTabStrip: int getTextSize()
...
androidx.appcompat.widget.AppCompatAutoCompleteTextView: void setBackgroundResource(int)
androidx.lifecycle.ViewModel: ViewModel()
androidx.appcompat.widget.Toolbar: int getContentInsetRight()
androidx.core.view.WindowInsetsCompat$Impl: androidx.core.view.DisplayCutoutCompat getDisplayCutout()
com.google.android.material.bottomappbar.BottomAppBar: void setBackgroundTint(android.content.res.ColorStateList)
com.google.android.material.card.MaterialCardView: int getStrokeWidth()
com.google.android.material.internal.FlowLayout: void setSingleLine(boolean)
androidx.appcompat.widget.AppCompatEditText: android.text.Editable getText()
com.google.android.material.chip.ChipGroup: void setDividerDrawableVertical(android.graphics.drawable.Drawable)
androidx.constraintlayout.widget.Placeholder: void setContentId(int)
androidx.core.view.WindowInsetsCompat$Impl: androidx.core.graphics.Insets getStableInsets()
androidx.core.view.WindowInsetsCompat$Impl20: void copyRootViewBounds(android.view.View)
com.google.android.material.textfield.MaterialAutoCompleteTextView: void setAdapter(android.widget.ListAdapter)
androidx.constraintlayout.widget.Guideline: void setGuidelinePercent(float)
androidx.appcompat.widget.AppCompatRadioButton: android.graphics.PorterDuff$Mode getSupportButtonTintMode()
com.google.android.material.radiobutton.MaterialRadioButton: void setUseMaterialThemeColors(boolean)
com.google.android.material.chip.Chip: void setTextStartPaddingResource(int)
com.google.android.material.floatingactionbutton.ExtendedFloatingActionButton: com.google.android.material.animation.MotionSpec getHideMotionSpec()
com.google.android.material.chip.Chip: void setChecked(boolean)
com.google.android.material.appbar.AppBarLayout: int getPendingAction()
androidx.appcompat.widget.SearchView: void setQueryHint(java.lang.CharSequence)
androidx.appcompat.widget.ViewStubCompat: void setOnInflateListener(androidx.appcompat.widget.ViewStubCompat$OnInflateListener)
com.google.android.material.textfield.TextInputLayout: void setEndIconOnLongClickListener(android.view.View$OnLongClickListener)
androidx.appcompat.widget.AppCompatCheckBox: android.graphics.PorterDuff$Mode getSupportButtonTintMode()
com.google.android.material.card.MaterialCardView: float getCardViewRadius()
com.google.android.material.snackbar.BaseTransientBottomBar$SnackbarBaseLayout: void setOnAttachStateChangeListener(com.google.android.material.snackbar.BaseTransientBottomBar$OnAttachStateChangeListener)
androidx.appcompat.widget.Toolbar: void setContentInsetEndWithActions(int)
androidx.appcompat.widget.AppCompatRadioButton: android.content.res.ColorStateList getSupportBackgroundTintList()
com.google.android.material.chip.ChipGroup: void setChipSpacing(int)
com.google.android.material.textfield.TextInputLayout: void setStartIconContentDescription(java.lang.CharSequence)
com.google.android.material.textfield.TextInputLayout: java.lang.CharSequence getEndIconContentDescription()
com.google.android.material.textfield.TextInputLayout: void setStartIconOnLongClickListener(android.view.View$OnLongClickListener)
androidx.media.AudioAttributesImplApi21Parcelizer: AudioAttributesImplApi21Parcelizer()
com.google.android.material.bottomappbar.BottomAppBar: boolean getHideOnScroll()
com.google.android.material.card.MaterialCardView: int getStrokeColor()
com.google.android.material.card.MaterialCardView: void setCheckedIcon(android.graphics.drawable.Drawable)
com.google.android.material.appbar.ViewOffsetBehavior: ViewOffsetBehavior()
androidx.appcompat.widget.AppCompatTextView: int getAutoSizeStepGranularity()
com.google.android.material.textfield.TextInputLayout: void setErrorIconOnClickListener(android.view.View$OnClickListener)
androidx.recyclerview.widget.RecyclerView: void setAccessibilityDelegateCompat(androidx.recyclerview.widget.RecyclerViewAccessibilityDelegate)
androidx.appcompat.widget.AppCompatRadioButton: int getCompoundPaddingLeft()