myTravelLog/build/outputs/mapping/release/usage.txt
com.uberapps.mytravellog.BuildConfig
com.uberapps.mytravellog.DashboardFragment$OnFragmentInteractionListener:
    public abstract void onFragmentInteraction(android.net.Uri)
com.uberapps.mytravellog.DashboardFragment:
    public void onButtonPressed(android.net.Uri)
com.uberapps.mytravellog.EditEntryFragment:
    public static final java.lang.String EDIT_ENTRY_ID
    public static final int NEW_ENTRY
com.uberapps.mytravellog.LogEntriesFragment:
    public static final java.lang.String DB_UPDATED_NOTIFICAITON
com.uberapps.mytravellog.MyTravelLogBroadcastReceiver:
    public static final java.lang.String INTENT_EXTRA_COUNTRY_FIELD
com.uberapps.mytravellog.PagerSlidingTabStrip:
    public void <init>(android.content.Context)
    public boolean isTextAllCaps()
    public void setTypeface(android.graphics.Typeface,int)
com.uberapps.mytravellog.R$anim
com.uberapps.mytravellog.R$animator
com.uberapps.mytravellog.R$attr
com.uberapps.mytravellog.R$bool
com.uberapps.mytravellog.R$color
com.uberapps.mytravellog.R$dimen
com.uberapps.mytravellog.R$drawable
com.uberapps.mytravellog.R$id
com.uberapps.mytravellog.R$integer
com.uberapps.mytravellog.R$interpolator
com.uberapps.mytravellog.R$layout
com.uberapps.mytravellog.R$menu
com.uberapps.mytravellog.R$plurals
com.uberapps.mytravellog.R$string
com.uberapps.mytravellog.R$style
com.uberapps.mytravellog.R$styleable:
    public static final int ActionBarLayout_android_layout_gravity
    public static final int ActionBar_background
    public static final int ActionBar_backgroundSplit
    public static final int ActionBar_backgroundStacked
    public static final int ActionBar_contentInsetEnd
    public static final int ActionBar_contentInsetEndWithActions
    public static final int ActionBar_contentInsetLeft
    public static final int ActionBar_contentInsetRight
    public static final int ActionBar_contentInsetStart
    public static final int ActionBar_contentInsetStartWithNavigation
    public static final int ActionBar_customNavigationLayout
    public static final int ActionBar_displayOptions
    public static final int ActionBar_divider
    public static final int ActionBar_elevation
    public static final int ActionBar_height
    public static final int ActionBar_hideOnContentScroll
    public static final int ActionBar_homeAsUpIndicator
    public static final int ActionBar_homeLayout
    public static final int ActionBar_icon
    public static final int ActionBar_indeterminateProgressStyle
    public static final int ActionBar_itemPadding
    public static final int ActionBar_logo
    public static final int ActionBar_navigationMode
    public static final int ActionBar_popupTheme
    public static final int ActionBar_progressBarPadding
    public static final int ActionBar_progressBarStyle
    public static final int ActionBar_subtitle
com.uberapps.mytravellog.R$xml
com.uberapps.mytravellog.R
com.uberapps.mytravellog.TravelLogContract$LogEntry
com.uberapps.mytravellog.TravelLogContract
com.uberapps.mytravellog.TravelLogDBHelper:
    public static final java.lang.String COMMA_SEP
    private static final java.lang.String DATABASE_NAME
    private static final int DATABASE_VERSION
    public static final java.lang.String FIRST_SIX_MONTH
    public static final java.lang.String TEXT_TYPE
    public static final java.lang.String THIS_YEAR
    public int getLogEntriesCount()
com.uberapps.mytravellog.TravelLogEntry:
    public void setID(int)
com.uberapps.mytravellog.DashboardFragment$OnFragmentInteractionListener
com.uberapps.mytravellog.DashboardFragment:
    private com.uberapps.mytravellog.DashboardFragment$OnFragmentInteractionListener mListener
com.uberapps.mytravellog.LogEntriesFragment:
    private final java.lang.String DATE_FORMAT
    android.widget.ListView m_EntriesList
com.uberapps.mytravellog.LogMyLocationService:
    protected android.os.Handler mHandler
...
com.google.android.material.transition.platform.MaterialContainerTransform$TransitionDrawable$1
com.google.android.material.transition.platform.MaterialContainerTransform$TransitionDrawable$2
com.google.android.material.transition.platform.MaterialContainerTransform$TransitionDrawable
com.google.android.material.transition.platform.MaterialContainerTransform
com.google.android.material.transition.platform.MaterialContainerTransformSharedElementCallback$1
com.google.android.material.transition.platform.MaterialContainerTransformSharedElementCallback$2
com.google.android.material.transition.platform.MaterialContainerTransformSharedElementCallback$3
com.google.android.material.transition.platform.MaterialContainerTransformSharedElementCallback$ShapeProvider
com.google.android.material.transition.platform.MaterialContainerTransformSharedElementCallback$ShapeableViewShapeProvider
com.google.android.material.transition.platform.MaterialContainerTransformSharedElementCallback
com.google.android.material.transition.platform.MaterialElevationScale
com.google.android.material.transition.platform.MaterialFade
com.google.android.material.transition.platform.MaterialFadeThrough
com.google.android.material.transition.platform.MaterialSharedAxis$Axis
com.google.android.material.transition.platform.MaterialSharedAxis
com.google.android.material.transition.platform.MaterialVisibility
com.google.android.material.transition.platform.ScaleProvider$1
com.google.android.material.transition.platform.ScaleProvider
com.google.android.material.transition.platform.SlideDistanceProvider$1
com.google.android.material.transition.platform.SlideDistanceProvider$2
com.google.android.material.transition.platform.SlideDistanceProvider$GravityFlag
com.google.android.material.transition.platform.SlideDistanceProvider
com.google.android.material.transition.platform.TransitionListenerAdapter
com.google.android.material.transition.platform.TransitionUtils$1
com.google.android.material.transition.platform.TransitionUtils$2
com.google.android.material.transition.platform.TransitionUtils$CanvasOperation
com.google.android.material.transition.platform.TransitionUtils$CornerSizeBinaryOperator
com.google.android.material.transition.platform.TransitionUtils
com.google.android.material.transition.platform.VisibilityAnimatorProvider
android.support.v4.media.MediaBrowserCompat$CustomActionCallback
android.support.v4.media.MediaBrowserCompat$CustomActionResultReceiver:
    private final java.lang.String mAction
    private final android.support.v4.media.MediaBrowserCompat$CustomActionCallback mCallback
    private final android.os.Bundle mExtras
android.support.v4.media.MediaBrowserCompat$ItemCallback
android.support.v4.media.MediaBrowserCompat$ItemReceiver:
    private final android.support.v4.media.MediaBrowserCompat$ItemCallback mCallback
    private final java.lang.String mMediaId
android.support.v4.media.MediaBrowserCompat$SearchCallback
android.support.v4.media.MediaBrowserCompat$SearchResultReceiver:
    private final android.support.v4.media.MediaBrowserCompat$SearchCallback mCallback
    private final android.os.Bundle mExtras
    private final java.lang.String mQuery
android.support.v4.media.MediaMetadataCompat:
    private static final java.lang.String[] PREFERRED_BITMAP_ORDER
    private static final java.lang.String[] PREFERRED_DESCRIPTION_ORDER
    private static final java.lang.String[] PREFERRED_URI_ORDER
android.support.v4.media.session.MediaControllerCompat$Callback$MessageHandler
android.support.v4.media.session.MediaControllerCompat$Callback:
    android.support.v4.media.session.MediaControllerCompat$Callback$MessageHandler mHandler
android.support.v4.media.session.MediaControllerCompat$PlaybackInfo:
    private final int mAudioStream
    private final int mCurrentVolume
    private final int mMaxVolume
    private final int mPlaybackType
    private final int mVolumeControl